[14352:24348:0707/035902.945:WARNING:chrome\browser\extensions\activity_log\activity_log_policy.cc:71] Scheduling init
[14352:24348:0707/035902.949:WARNING:chrome\browser\extensions\activity_log\activity_log_policy.cc:71] Scheduling init
[14352:24348:0707/035903.477:WARNING:chrome\browser\extensions\external_registry_loader_win.cc:283] Error observing HKLM: 5
[14352:24348:0707/035904.320:ERROR:chrome\browser\task_manager\providers\fallback_task_provider.cc:126] Every renderer should have at least one task provided by a primary task provider. If a "Renderer" fallback task is shown, it is a bug. If you have repro steps, please file a new bug and tag it as a dependency of crbug.com/40528867.
[14352:24348:0707/035904.324:ERROR:chrome\browser\task_manager\providers\fallback_task_provider.cc:126] Every renderer should have at least one task provided by a primary task provider. If a "Renderer" fallback task is shown, it is a bug. If you have repro steps, please file a new bug and tag it as a dependency of crbug.com/40528867.
[14352:24348:0707/035904.630:ERROR:chrome\browser\task_manager\providers\fallback_task_provider.cc:126] Every renderer should have at least one task provided by a primary task provider. If a "Renderer" fallback task is shown, it is a bug. If you have repro steps, please file a new bug and tag it as a dependency of crbug.com/40528867.
[14352:24348:0707/035904.631:ERROR:chrome\browser\task_manager\providers\fallback_task_provider.cc:126] Every renderer should have at least one task provided by a primary task provider. If a "Renderer" fallback task is shown, it is a bug. If you have repro steps, please file a new bug and tag it as a dependency of crbug.com/40528867.
[14352:24348:0707/035905.140:INFO:CONSOLE:495] "[vite] connecting...", source: http://localhost:5173/@vite/client (495)
[14352:24348:0707/035905.178:ERROR:chrome\browser\task_manager\providers\fallback_task_provider.cc:126] Every renderer should have at least one task provided by a primary task provider. If a "Renderer" fallback task is shown, it is a bug. If you have repro steps, please file a new bug and tag it as a dependency of crbug.com/40528867.
[14352:24348:0707/035905.213:INFO:CONSOLE:618] "[vite] connected.", source: http://localhost:5173/@vite/client (618)
[14352:24348:0707/035905.346:INFO:CONSOLE:21549] "%cDownload the React DevTools for a better development experience: https://reactjs.org/link/react-devtools font-weight:bold", source: http://localhost:5173/node_modules/.vite/deps/chunk-BCXODTBQ.js?v=7bc161eb (21549)
[14352:24348:0707/035905.380:ERROR:chrome\browser\task_manager\providers\fallback_task_provider.cc:126] Every renderer should have at least one task provided by a primary task provider. If a "Renderer" fallback task is shown, it is a bug. If you have repro steps, please file a new bug and tag it as a dependency of crbug.com/40528867.
[14352:24348:0707/035905.761:INFO:CONSOLE:0] "Images loaded lazily and replaced with placeholders. Load events are deferred. See https://go.microsoft.com/fwlink/?linkid=2048113", source: http://localhost:5173/?preview=true (0)
[14352:20308:0707/035906.031:INFO:components\edge_auth\oneauth\oneauth_config.cc:182] EventName: TransactionMicrosoftEdgeWin32
[14352:20308:0707/035906.032:INFO:components\edge_auth\oneauth\oneauth_config.cc:183] SessionId: f331e7ed-243c-4ba5-a5f0-938370f0c196
[14352:20308:0707/035906.032:INFO:components\edge_auth\oneauth\oneauth_config.cc:184] RecommendedTelemetryRegion: GLOBAL
[14352:20308:0707/035906.033:INFO:components\edge_auth\oneauth\oneauth_config.cc:186] IsInstrumentationError: 0
[14352:20308:0707/035906.033:INFO:components\edge_auth\oneauth\oneauth_config.cc:196] String type data key: oneauth_version, value: 9.3.3
[14352:20308:0707/035906.034:INFO:components\edge_auth\oneauth\oneauth_config.cc:196] String type data key: eventtype, value: authentication
[14352:20308:0707/035906.034:INFO:components\edge_auth\oneauth\oneauth_config.cc:196] String type data key: sessionid, value: f331e7ed-243c-4ba5-a5f0-938370f0c196
[14352:20308:0707/035906.034:INFO:components\edge_auth\oneauth\oneauth_config.cc:196] String type data key: deviceprofiletelemetryid, value: 07c9a684403dc2a911dba317608d1d4f2f8c3d3452c588db9a8dac85533a3d24
[14352:20308:0707/035906.035:INFO:components\edge_auth\oneauth\oneauth_config.cc:196] String type data key: SamplingRate, value: 0.25
[14352:20308:0707/035906.036:INFO:components\edge_auth\oneauth\oneauth_config.cc:196] String type data key: appname, value: MicrosoftEdge
[14352:20308:0707/035906.036:INFO:components\edge_auth\oneauth\oneauth_config.cc:196] String type data key: identityservice, value: MSA
[14352:20308:0707/035906.036:INFO:components\edge_auth\oneauth\oneauth_config.cc:196] String type data key: authoutcome, value: succeeded
[14352:20308:0707/035906.037:INFO:components\edge_auth\oneauth\oneauth_config.cc:196] String type data key: oneauth_AppId, value: com.microsoft.Edge
[14352:20308:0707/035906.037:INFO:components\edge_auth\oneauth\oneauth_config.cc:196] String type data key: oneauth_ActiveFlights, value: {"1005":1,"1012":1,"1018":1,"1040":1,"1041":1,"1048":1,"1053":1,"31":1,"42":1,"44":1}
[14352:20308:0707/035906.037:INFO:components\edge_auth\oneauth\oneauth_config.cc:196] String type data key: oneauth_AadAccountCount, value: 0
[14352:20308:0707/035906.038:INFO:components\edge_auth\oneauth\oneauth_config.cc:196] String type data key: telemetry_region, value: GLOBAL
[14352:20308:0707/035906.038:INFO:components\edge_auth\oneauth\oneauth_config.cc:196] String type data key: oneauth_MsaAccountCount, value: 1
[14352:20308:0707/035906.038:INFO:components\edge_auth\oneauth\oneauth_config.cc:196] String type data key: correlationid, value: 74bb3a56-ed72-4dec-9175-b8aa1a17aede
[14352:20308:0707/035906.039:INFO:components\edge_auth\oneauth\oneauth_config.cc:196] String type data key: oneauth_ExecutionFlow, value: {"de":0,"ef":[{"t":"9zkae","tid":2,"ts":0,"l":2},{"t":"4p5fw","tid":2,"ts":1,"l":2},{"t":"4p5fv","tid":2,"ts":1,"l":2},{"t":"4p5fv","tid":2,"ts":1,"l":2},{"t":"646u1","tid":2,"ts":1,"l":2},{"t":"5k14z","tid":2,"ts":1,"l":2},{"t":"4s7uc","tid":2,"ts":1,"l":2},{"t":"4sufd","tid":2,"ts":1,"s":2,"l":2},{"t":"4swgg","tid":2,"ts":2,"s":1,"l":2},{"t":"4swgf","tid":2,"ts":2,"s":1,"l":2},{"t":"4swgi","tid":5,"ts":2,"s":1,"l":2},{"t":"8b2yn","tid":5,"ts":2,"l":2},{"t":"8dqkx","tid":5,"ts":2,"l":2},{"t":"8dqil","tid":5,"ts":2,"l":2},{"t":"8b2hr","tid":5,"ts":2,"l":2},{"t":"8b2hs","tid":5,"ts":3,"l":2},{"t":"5b8fg","tid":5,"ts":3,"l":2},{"t":"694nj","tid":5,"ts":7,"l":2,"a":10,"ie":0},{"t":"4dwil","tid":5,"ts":7,"l":2},{"t":"4wqnh","tid":5,"ts":7,"l":2},{"t":"4vw1c","tid":5,"ts":118,"l":2},{"t":"4vw1b","tid":5,"ts":118,"l":2},{"t":"4ittz","tid":5,"ts":118,"l":2},{"t":"4wqni","tid":5,"ts":118,"l":2},{"t":"4wqnf","tid":5,"ts":561,"l":2},{"t":"4vw1a","tid":5,"ts":800,"l":2},{"t":"4wqm5","tid":5,"ts":801,"l":2},{"t":"4wqm7","tid":5,"ts":801,"l":2},{"t":"8dql1","tid":5,"ts":1221,"l":2},{"t":"4qopd","tid":5,"ts":1221,"l":2},{"t":"6myt3","tid":5,"ts":1221,"l":2},{"t":"6m026","tid":5,"ts":1222,"l":2},{"t":"6m028","tid":5,"ts":1222,"l":2},{"t":"694nk","tid":5,"ts":1222,"l":2,"a":10,"ie":1},{"t":"8dqk1","tid":5,"ts":1222,"l":2},{"t":"8dqlh","tid":5,"ts":1224,"l":2},{"t":"8dqli","tid":5,"ts":1224,"l":2},{"t":"8dqln","tid":5,"ts":1224,"l":2},{"t":"4qnnm","tid":5,"ts":1228,"l":2,"a":3,"ie":0},{"t":"4myjh","tid":5,"ts":1232,"l":2},{"t":"4myjg","tid":5,"ts":1235,"l":2},{"t":"4myjf","tid":5,"ts":1237,"l":2},{"t":"4myjh","tid":5,"ts":1238,"l":2},{"t":"4myjg","tid":5,"ts":1241,"l":2},{"t":"4myjf","tid":5,"ts":1242,"l":2},{"t":"4qnnl","tid":5,"ts":1242,"l":2,"a":3,"ie":1},{"t":"4qnng","tid":5,"ts":1242,"l":2,"a":2,"ie":0},{"t":"4qnnf","tid":5,"ts":1246,"l":2,"a":2,"ie":1},{"t":"8dqit","tid":5,"ts":1246,"l":2},{"t":"4zbmu","tid":5,"ts":1246,"l":2},{"t":"4qnng","tid":5,"ts":1246,"l":2,"a":2,"ie":0},{"t":"4qnnf","tid":5,"ts":1407,"l":2,"a":2,"ie":1},{"t":"4qnne","tid":5,"ts":1408,"l":2,"a":3,"ie":0},{"t":"4myjh","tid":5,"ts":1414,"l":2},{"t":"4myjg","tid":5,"ts":1416,"l":2},{"t":"4myjf","tid":5,"ts":1418,"l":2},{"t":"4qnnd","tid":5,"ts":1418,"l":2,"a":3,"ie":1},{"t":"6xuag","tid":5,"ts":1418,"l":2},{"t":"4c10b","tid":5,"ts":1418,"l":2},{"t":"4c10a","tid":5,"ts":1418,"l":2},{"t":"6qhvn","tid":5,"ts":1418,"l":2},{"t":"5nhsm","tid":5,"ts":1418,"l":2},{"t":"53u9y","tid":5,"ts":1418,"l":0,"a":2,"ie":0},{"t":"53u93","tid":5,"ts":1418,"l":0,"a":2,"ie":1},{"t":"53u99","tid":5,"ts":1422,"l":0,"a":3,"ie":0},{"t":"53vad","tid":5,"ts":1423,"l":0,"a":3,"ie":1},{"t":"6b224","tid":5,"ts":1424,"l":2},{"t":"8drb8","tid":5,"ts":1424,"e":2,"l":4},{"t":"4p5fv","tid":5,"ts":1424,"l":2},{"t":"5k14z","tid":5,"ts":1424,"l":2},{"t":"4s7uc","tid":5,"ts":1424,"l":2},{"t":"4sufd","tid":5,"ts":1424,"s":4,"l":2},{"t":"4swgg","tid":5,"ts":1424,"s":6,"l":2},{"t":"4swgf","tid":5,"ts":1424,"s":1,"l":2},{"t":"4swgi","tid":8,"ts":1425,"s":6,"l":2},{"t":"8b2yn","tid":8,"ts":1425,"l":2},{"t":"8dqkx","tid":8,"ts":1425,"l":2},{"t":"4q2di","tid":8,"ts":1425,"l":2},{"t":"4qnng","tid":8,"ts":1425,"l":2,"a":2,"ie":0},{"t":"4qnnf","tid":8,"ts":1429,"l":2,"a":2,"ie":1},{"t":"8dqit","tid":8,"ts":1429,"l":2},{"t":"8b2ht","tid":8,"ts":1430,"l":2},{"t":"4qnno","tid":8,"ts":1430,"l":2,"a":2,"ie":0},{"t":"4qnnn","tid":8,"ts":1441,"l":2,"a":2,"ie":1},{"t":"6xuag","tid":8,"ts":1441,"l":2},{"t":"4c10b","tid":8,"ts":1441,"l":2},{"t":"4c10a","tid":8,"ts":1441,"l":2},{"t":"6qhvn","tid":8,"ts":1441,"l":2},{"t":"5nhsm","tid":8,"ts":1441,"l":2},{"t":"53u9y","tid":8,"ts":1441,"l":0,"a":2,"ie":0},{"t":"53u93","tid":8,"ts":1442,"l":0,"a":2,"ie":1},{"t":"53u99","tid":8,"ts":1445,"l":0,"a":3,"ie":0},{"t":"53vad","tid":8,"ts":1448,"l":0,"a":3,"ie":1},{"t":"6b224","tid":8,"ts":1448,"l":2},{"t":"5fscs","tid":8,"ts":1448,"l":2},{"t":"9a8ho","tid":8,"ts":1448,"l":2,"a":1,"ie":0},{"t":"6qhvm","tid":8,"ts":1450,"l":2},{"t":"9a8ho","tid":8,"ts":1450,"l":2,"a":1,"ie":0},{"t":"9a8hl","tid":9,"ts":2031,"l":2,"a":1,"ie":1},{"t":"9a8hm","tid":9,"ts":2031,"s":401,"l":3},{"t":"53u99","tid":9,"ts":2032,"l":0,"a":3,"ie":0},{"t":"53vad","tid":9,"ts":2033,"l":0,"a":3,"ie":1},{"t":"90n17","tid":9,"ts":2033,"e":2,"l":4},{"t":"49ayy","tid":9,"ts":2033,"l":2},{"t":"835v1","tid":9,"ts":2034,"e":2002,"l":4},{"t":"5fsch","tid":9,"ts":2034,"l":3},{"t":"9a8hl","tid":9,"ts":2696,"l":2,"a":1,"ie":1},{"t":"9a8hm","tid":9,"ts":2696,"s":401,"l":3},{"t":"4pgy2","tid":9,"ts":2696,"l":2},{"t":"90n17","tid":9,"ts":2696,"e":2,"l":4},{"t":"49ayy","tid":9,"ts":2696,"l":2},{"t":"835v4","tid":9,"ts":2696,"e":2002,"l":4},{"t":"53u99","tid":9,"ts":2698,"l":0,"a":3,"ie":0},{"t":"53vad","tid":9,"ts":2699,"l":0,"a":3,"ie":1},{"t":"9zkad","tid":9,"ts":2699,"l":2}],"t":[{"a":1,"t":1248,"c":2},{"a":2,"t":181,"c":6},{"a":3,"t":30,"c":6},{"a":0,"t":27},{"a":10,"t":1215,"c":1}]}
[14352:20308:0707/035906.040:INFO:components\edge_auth\oneauth\oneauth_config.cc:196] String type data key: sovereignty, value: Global
[14352:20308:0707/035906.042:INFO:components\edge_auth\oneauth\oneauth_config.cc:196] String type data key: appaudience, value: production
[14352:20308:0707/035906.043:INFO:components\edge_auth\oneauth\oneauth_config.cc:196] String type data key: oneauth_GenericAccountCount, value: 0
[14352:20308:0707/035906.043:INFO:components\edge_auth\oneauth\oneauth_config.cc:196] String type data key: uploadid, value: 656a0f5c-552b-4ac9-a108-4b40881b0bd8
[14352:20308:0707/035906.043:INFO:components\edge_auth\oneauth\oneauth_config.cc:196] String type data key: actiontype, value: oneauthtransaction
[14352:20308:0707/035906.044:INFO:components\edge_auth\oneauth\oneauth_config.cc:196] String type data key: appver, value: 150.0.4078.48
[14352:20308:0707/035906.044:INFO:components\edge_auth\oneauth\oneauth_config.cc:196] String type data key: oneauth_api, value: signinsilently
[14352:20308:0707/035906.044:INFO:components\edge_auth\oneauth\oneauth_config.cc:205] Integer type data key: platform, value: 0
[14352:20308:0707/035906.044:INFO:components\edge_auth\oneauth\oneauth_config.cc:205] Integer type data key: count, value: 1
[14352:20308:0707/035906.045:INFO:components\edge_auth\oneauth\oneauth_config.cc:214] Integer64 type data key: duration_min, value: 2700
[14352:20308:0707/035906.046:INFO:components\edge_auth\oneauth\oneauth_config.cc:214] Integer64 type data key: duration_max, value: 2700
[14352:20308:0707/035906.047:INFO:components\edge_auth\oneauth\oneauth_config.cc:214] Integer64 type data key: endtime, value: 1783376946030
[14352:20308:0707/035906.047:INFO:components\edge_auth\oneauth\oneauth_config.cc:214] Integer64 type data key: duration_sum, value: 2700
[14352:20308:0707/035906.047:INFO:components\edge_auth\oneauth\oneauth_config.cc:214] Integer64 type data key: starttime, value: 1783376943330
[14352:20308:0707/035906.048:INFO:components\edge_auth\oneauth\oneauth_config.cc:223] Bool type data key: FullDataClient, value: 1
[14352:20308:0707/035906.048:INFO:components\edge_auth\oneauth\oneauth_config.cc:223] Bool type data key: issilent, value: 1
[14352:20308:0707/035906.048:INFO:components\edge_auth\oneauth\oneauth_config.cc:182] EventName: ActionMicrosoftEdgeWin32
[14352:20308:0707/035906.049:INFO:components\edge_auth\oneauth\oneauth_config.cc:183] SessionId: f331e7ed-243c-4ba5-a5f0-938370f0c196
[14352:20308:0707/035906.049:INFO:components\edge_auth\oneauth\oneauth_config.cc:184] RecommendedTelemetryRegion: GLOBAL
[14352:20308:0707/035906.049:INFO:components\edge_auth\oneauth\oneauth_config.cc:186] IsInstrumentationError: 0
[14352:20308:0707/035906.050:INFO:components\edge_auth\oneauth\oneauth_config.cc:196] String type data key: appver, value: 150.0.4078.48
[14352:20308:0707/035906.050:INFO:components\edge_auth\oneauth\oneauth_config.cc:196] String type data key: appname, value: MicrosoftEdge
[14352:20308:0707/035906.052:INFO:components\edge_auth\oneauth\oneauth_config.cc:196] String type data key: identityservice, value: MSA
[14352:20308:0707/035906.053:INFO:components\edge_auth\oneauth\oneauth_config.cc:196] String type data key: oneauth_version, value: 9.3.3
[14352:20308:0707/035906.054:INFO:components\edge_auth\oneauth\oneauth_config.cc:196] String type data key: appaudience, value: production
[14352:20308:0707/035906.054:INFO:components\edge_auth\oneauth\oneauth_config.cc:196] String type data key: MSAL_read_token, value: ID|AT
[14352:20308:0707/035906.055:INFO:components\edge_auth\oneauth\oneauth_config.cc:196] String type data key: oneauth_ExecutionFlow, value: {"de":0,"ef":[{"t":"9zkae","tid":2,"ts":0,"l":2},{"t":"4p5fw","tid":2,"ts":1,"l":2},{"t":"4p5fv","tid":2,"ts":1,"l":2},{"t":"4p5fv","tid":2,"ts":1,"l":2},{"t":"646u1","tid":2,"ts":1,"l":2},{"t":"5k14z","tid":2,"ts":1,"l":2},{"t":"4s7uc","tid":2,"ts":1,"l":2},{"t":"4sufd","tid":2,"ts":1,"s":2,"l":2},{"t":"4swgg","tid":2,"ts":2,"s":1,"l":2},{"t":"4swgf","tid":2,"ts":2,"s":1,"l":2},{"t":"4swgi","tid":5,"ts":2,"s":1,"l":2},{"t":"8b2yn","tid":5,"ts":2,"l":2},{"t":"8dqkx","tid":5,"ts":2,"l":2},{"t":"8dqil","tid":5,"ts":2,"l":2},{"t":"8b2hr","tid":5,"ts":2,"l":2},{"t":"8b2hs","tid":5,"ts":3,"l":2},{"t":"5b8fg","tid":5,"ts":3,"l":2},{"t":"694nj","tid":5,"ts":7,"l":2,"a":10,"ie":0},{"t":"4dwil","tid":5,"ts":7,"l":2},{"t":"4wqnh","tid":5,"ts":7,"l":2},{"t":"4vw1c","tid":5,"ts":118,"l":2},{"t":"4vw1b","tid":5,"ts":118,"l":2},{"t":"4ittz","tid":5,"ts":118,"l":2},{"t":"4wqni","tid":5,"ts":118,"l":2},{"t":"4wqnf","tid":5,"ts":561,"l":2},{"t":"4vw1a","tid":5,"ts":800,"l":2},{"t":"4wqm5","tid":5,"ts":801,"l":2},{"t":"4wqm7","tid":5,"ts":801,"l":2},{"t":"8dql1","tid":5,"ts":1221,"l":2},{"t":"4qopd","tid":5,"ts":1221,"l":2},{"t":"6myt3","tid":5,"ts":1221,"l":2},{"t":"6m026","tid":5,"ts":1222,"l":2},{"t":"6m028","tid":5,"ts":1222,"l":2},{"t":"694nk","tid":5,"ts":1222,"l":2,"a":10,"ie":1},{"t":"8dqk1","tid":5,"ts":1222,"l":2},{"t":"8dqlh","tid":5,"ts":1224,"l":2},{"t":"8dqli","tid":5,"ts":1224,"l":2},{"t":"8dqln","tid":5,"ts":1224,"l":2},{"t":"4qnnm","tid":5,"ts":1228,"l":2,"a":3,"ie":0},{"t":"4myjh","tid":5,"ts":1232,"l":2},{"t":"4myjg","tid":5,"ts":1235,"l":2},{"t":"4myjf","tid":5,"ts":1237,"l":2},{"t":"4myjh","tid":5,"ts":1238,"l":2},{"t":"4myjg","tid":5,"ts":1241,"l":2},{"t":"4myjf","tid":5,"ts":1242,"l":2},{"t":"4qnnl","tid":5,"ts":1242,"l":2,"a":3,"ie":1},{"t":"4qnng","tid":5,"ts":1242,"l":2,"a":2,"ie":0},{"t":"4qnnf","tid":5,"ts":1246,"l":2,"a":2,"ie":1},{"t":"8dqit","tid":5,"ts":1246,"l":2},{"t":"4zbmu","tid":5,"ts":1246,"l":2},{"t":"4qnng","tid":5,"ts":1246,"l":2,"a":2,"ie":0},{"t":"4qnnf","tid":5,"ts":1407,"l":2,"a":2,"ie":1},{"t":"4qnne","tid":5,"ts":1408,"l":2,"a":3,"ie":0},{"t":"4myjh","tid":5,"ts":1414,"l":2},{"t":"4myjg","tid":5,"ts":1416,"l":2},{"t":"4myjf","tid":5,"ts":1418,"l":2},{"t":"4qnnd","tid":5,"ts":1418,"l":2,"a":3,"ie":1},{"t":"6xuag","tid":5,"ts":1418,"l":2},{"t":"4c10b","tid":5,"ts":1418,"l":2},{"t":"4c10a","tid":5,"ts":1418,"l":2},{"t":"6qhvn","tid":5,"ts":1418,"l":2},{"t":"5nhsm","tid":5,"ts":1418,"l":2},{"t":"53u9y","tid":5,"ts":1418,"l":0,"a":2,"ie":0},{"t":"53u93","tid":5,"ts":1418,"l":0,"a":2,"ie":1},{"t":"53u99","tid":5,"ts":1422,"l":0,"a":3,"ie":0},{"t":"53vad","tid":5,"ts":1423,"l":0,"a":3,"ie":1},{"t":"6b224","tid":5,"ts":1424,"l":2},{"t":"8drb8","tid":5,"ts":1424,"e":2,"l":4},{"t":"4p5fv","tid":5,"ts":1424,"l":2},{"t":"5k14z","tid":5,"ts":1424,"l":2},{"t":"4s7uc","tid":5,"ts":1424,"l":2},{"t":"4sufd","tid":5,"ts":1424,"s":4,"l":2},{"t":"4swgg","tid":5,"ts":1424,"s":6,"l":2},{"t":"4swgf","tid":5,"ts":1424,"s":1,"l":2},{"t":"4swgi","tid":8,"ts":1425,"s":6,"l":2},{"t":"8b2yn","tid":8,"ts":1425,"l":2},{"t":"8dqkx","tid":8,"ts":1425,"l":2},{"t":"4q2di","tid":8,"ts":1425,"l":2},{"t":"4qnng","tid":8,"ts":1425,"l":2,"a":2,"ie":0},{"t":"4qnnf","tid":8,"ts":1429,"l":2,"a":2,"ie":1},{"t":"8dqit","tid":8,"ts":1429,"l":2},{"t":"8b2ht","tid":8,"ts":1430,"l":2},{"t":"4qnno","tid":8,"ts":1430,"l":2,"a":2,"ie":0},{"t":"4qnnn","tid":8,"ts":1441,"l":2,"a":2,"ie":1},{"t":"6xuag","tid":8,"ts":1441,"l":2},{"t":"4c10b","tid":8,"ts":1441,"l":2},{"t":"4c10a","tid":8,"ts":1441,"l":2},{"t":"6qhvn","tid":8,"ts":1441,"l":2},{"t":"5nhsm","tid":8,"ts":1441,"l":2},{"t":"53u9y","tid":8,"ts":1441,"l":0,"a":2,"ie":0},{"t":"53u93","tid":8,"ts":1442,"l":0,"a":2,"ie":1},{"t":"53u99","tid":8,"ts":1445,"l":0,"a":3,"ie":0},{"t":"53vad","tid":8,"ts":1448,"l":0,"a":3,"ie":1},{"t":"6b224","tid":8,"ts":1448,"l":2},{"t":"5fscs","tid":8,"ts":1448,"l":2},{"t":"9a8ho","tid":8,"ts":1448,"l":2,"a":1,"ie":0},{"t":"6qhvm","tid":8,"ts":1450,"l":2},{"t":"9a8ho","tid":8,"ts":1450,"l":2,"a":1,"ie":0},{"t":"9a8hl","tid":9,"ts":2031,"l":2,"a":1,"ie":1},{"t":"9a8hm","tid":9,"ts":2031,"s":401,"l":3},{"t":"53u99","tid":9,"ts":2032,"l":0,"a":3,"ie":0},{"t":"53vad","tid":9,"ts":2033,"l":0,"a":3,"ie":1},{"t":"90n17","tid":9,"ts":2033,"e":2,"l":4},{"t":"49ayy","tid":9,"ts":2033,"l":2},{"t":"835v1","tid":9,"ts":2034,"e":2002,"l":4},{"t":"5fsch","tid":9,"ts":2034,"l":3},{"t":"9a8hl","tid":9,"ts":2696,"l":2,"a":1,"ie":1},{"t":"9a8hm","tid":9,"ts":2696,"s":401,"l":3},{"t":"4pgy2","tid":9,"ts":2696,"l":2},{"t":"90n17","tid":9,"ts":2696,"e":2,"l":4},{"t":"49ayy","tid":9,"ts":2696,"l":2},{"t":"835v4","tid":9,"ts":2696,"e":2002,"l":4},{"t":"53u99","tid":9,"ts":2698,"l":0,"a":3,"ie":0},{"t":"53vad","tid":9,"ts":2699,"l":0,"a":3,"ie":1},{"t":"9zkad","tid":9,"ts":2699,"l":2}],"t":[{"a":1,"t":1248,"c":2},{"a":2,"t":181,"c":6},{"a":3,"t":30,"c":6},{"a":0,"t":27},{"a":10,"t":1215,"c":1}]}
[14352:20308:0707/035906.056:INFO:components\edge_auth\oneauth\oneauth_config.cc:196] String type data key: MSAL_start_time, value: 2026-07-06T22:29:04.000Z
[14352:20308:0707/035906.056:INFO:components\edge_auth\oneauth\oneauth_config.cc:196] String type data key: MSAL_msal_version, value: 9.3.3
[14352:20308:0707/035906.056:INFO:components\edge_auth\oneauth\oneauth_config.cc:196] String type data key: MSAL_authority_type, value: MSA
[14352:20308:0707/035906.057:INFO:components\edge_auth\oneauth\oneauth_config.cc:196] String type data key: MSAL_auth_flow, value: AT
[14352:20308:0707/035906.057:INFO:components\edge_auth\oneauth\oneauth_config.cc:196] String type data key: MSAL_is_successful, value: true
[14352:20308:0707/035906.058:INFO:components\edge_auth\oneauth\oneauth_config.cc:196] String type data key: promptreasoncorrelationid, value: 
[14352:20308:0707/035906.058:INFO:components\edge_auth\oneauth\oneauth_config.cc:196] String type data key: MSAL_was_request_throttled, value: false
[14352:20308:0707/035906.059:INFO:components\edge_auth\oneauth\oneauth_config.cc:196] String type data key: MSAL_original_authority, value: https://login.microsoftonline.com/consumers
[14352:20308:0707/035906.059:INFO:components\edge_auth\oneauth\oneauth_config.cc:196] String type data key: MSAL_additional_query_parameters_count, value: 1
[14352:20308:0707/035906.060:INFO:components\edge_auth\oneauth\oneauth_config.cc:196] String type data key: sessionid, value: f331e7ed-243c-4ba5-a5f0-938370f0c196
[14352:20308:0707/035906.060:INFO:components\edge_auth\oneauth\oneauth_config.cc:196] String type data key: MSAL_normalized_realm, value: 9188040d-6c67-4c5b-b112-36a304b66dad
[14352:20308:0707/035906.060:INFO:components\edge_auth\oneauth\oneauth_config.cc:196] String type data key: eventtype, value: authentication
[14352:20308:0707/035906.060:INFO:components\edge_auth\oneauth\oneauth_config.cc:196] String type data key: MSAL_storage_read, value: DAC|DID|DAT
[14352:20308:0707/035906.061:INFO:components\edge_auth\oneauth\oneauth_config.cc:196] String type data key: MSAL_broker_app_used, value: false
[14352:20308:0707/035906.061:INFO:components\edge_auth\oneauth\oneauth_config.cc:196] String type data key: MSAL_authorization_type, value: WindowsIntegratedAuth
[14352:20308:0707/035906.062:INFO:components\edge_auth\oneauth\oneauth_config.cc:196] String type data key: MSAL_access_token_expiry_time, value: 2026-07-07T09:42:36.000Z
[14352:20308:0707/035906.062:INFO:components\edge_auth\oneauth\oneauth_config.cc:196] String type data key: deviceprofiletelemetryid, value: 07c9a684403dc2a911dba317608d1d4f2f8c3d3452c588db9a8dac85533a3d24
[14352:20308:0707/035906.062:INFO:components\edge_auth\oneauth\oneauth_config.cc:196] String type data key: MSAL_request_duration, value: 16
[14352:20308:0707/035906.063:INFO:components\edge_auth\oneauth\oneauth_config.cc:196] String type data key: authoutcome, value: succeeded
[14352:20308:0707/035906.063:INFO:components\edge_auth\oneauth\oneauth_config.cc:196] String type data key: SamplingRate, value: 0.25
[14352:20308:0707/035906.063:INFO:components\edge_auth\oneauth\oneauth_config.cc:196] String type data key: errordescription, value: 
[14352:20308:0707/035906.063:INFO:components\edge_auth\oneauth\oneauth_config.cc:196] String type data key: MSAL_api_name, value: AcquireTokenSilently
[14352:20308:0707/035906.064:INFO:components\edge_auth\oneauth\oneauth_config.cc:196] String type data key: error, value: 
[14352:20308:0707/035906.064:INFO:components\edge_auth\oneauth\oneauth_config.cc:196] String type data key: MSAL_correlation_id, value: 74bb3a56-ed72-4dec-9175-b8aa1a17aede
[14352:20308:0707/035906.064:INFO:components\edge_auth\oneauth\oneauth_config.cc:196] String type data key: uploadid, value: 6d770e52-2f8a-4e1b-ad6a-27e2f66f6bd8
[14352:20308:0707/035906.065:INFO:components\edge_auth\oneauth\oneauth_config.cc:196] String type data key: oneauth_transactionuploadid, value: 656a0f5c-552b-4ac9-a108-4b40881b0bd8
[14352:20308:0707/035906.065:INFO:components\edge_auth\oneauth\oneauth_config.cc:196] String type data key: MSAL_client_id, value: 82864fa0-ed49-4711-8395-a0e6003dca1f
[14352:20308:0707/035906.065:INFO:components\edge_auth\oneauth\oneauth_config.cc:196] String type data key: correlationid, value: 74bb3a56-ed72-4dec-9175-b8aa1a17aede
[14352:20308:0707/035906.066:INFO:components\edge_auth\oneauth\oneauth_config.cc:196] String type data key: actiontype, value: msal
[14352:20308:0707/035906.066:INFO:components\edge_auth\oneauth\oneauth_config.cc:196] String type data key: errorsource, value: none
[14352:20308:0707/035906.066:INFO:components\edge_auth\oneauth\oneauth_config.cc:196] String type data key: MSAL_stop_time, value: 2026-07-06T22:29:04.000Z
[14352:20308:0707/035906.067:INFO:components\edge_auth\oneauth\oneauth_config.cc:196] String type data key: oneauth_api, value: signinsilently
[14352:20308:0707/035906.067:INFO:components\edge_auth\oneauth\oneauth_config.cc:205] Integer type data key: platform, value: 0
[14352:20308:0707/035906.069:INFO:components\edge_auth\oneauth\oneauth_config.cc:205] Integer type data key: count, value: 1
[14352:20308:0707/035906.069:INFO:components\edge_auth\oneauth\oneauth_config.cc:214] Integer64 type data key: duration_min, value: 24
[14352:20308:0707/035906.070:INFO:components\edge_auth\oneauth\oneauth_config.cc:214] Integer64 type data key: duration_max, value: 24
[14352:20308:0707/035906.071:INFO:components\edge_auth\oneauth\oneauth_config.cc:214] Integer64 type data key: endtime, value: 1783376944779
[14352:20308:0707/035906.071:INFO:components\edge_auth\oneauth\oneauth_config.cc:214] Integer64 type data key: duration_sum, value: 24
[14352:20308:0707/035906.072:INFO:components\edge_auth\oneauth\oneauth_config.cc:214] Integer64 type data key: starttime, value: 1783376944755
[14352:20308:0707/035906.072:INFO:components\edge_auth\oneauth\oneauth_config.cc:223] Bool type data key: FullDataClient, value: 1
[14352:20308:0707/035906.073:INFO:components\edge_auth\oneauth\oneauth_config.cc:182] EventName: ActionMicrosoftEdgeWin32
[14352:20308:0707/035906.073:INFO:components\edge_auth\oneauth\oneauth_config.cc:183] SessionId: f331e7ed-243c-4ba5-a5f0-938370f0c196
[14352:20308:0707/035906.074:INFO:components\edge_auth\oneauth\oneauth_config.cc:184] RecommendedTelemetryRegion: GLOBAL
[14352:20308:0707/035906.074:INFO:components\edge_auth\oneauth\oneauth_config.cc:186] IsInstrumentationError: 0
[14352:20308:0707/035906.075:INFO:components\edge_auth\oneauth\oneauth_config.cc:196] String type data key: oneauth_version, value: 9.3.3
[14352:20308:0707/035906.076:INFO:components\edge_auth\oneauth\oneauth_config.cc:196] String type data key: eventtype, value: authentication
[14352:20308:0707/035906.076:INFO:components\edge_auth\oneauth\oneauth_config.cc:196] String type data key: sessionid, value: f331e7ed-243c-4ba5-a5f0-938370f0c196
[14352:20308:0707/035906.076:INFO:components\edge_auth\oneauth\oneauth_config.cc:196] String type data key: appver, value: 150.0.4078.48
[14352:20308:0707/035906.077:INFO:components\edge_auth\oneauth\oneauth_config.cc:196] String type data key: appname, value: MicrosoftEdge
[14352:20308:0707/035906.077:INFO:components\edge_auth\oneauth\oneauth_config.cc:196] String type data key: identityservice, value: MSA
[14352:20308:0707/035906.077:INFO:components\edge_auth\oneauth\oneauth_config.cc:196] String type data key: MSAL_api_name, value: SignInSilently
[14352:20308:0707/035906.078:INFO:components\edge_auth\oneauth\oneauth_config.cc:196] String type data key: appaudience, value: production
[14352:20308:0707/035906.078:INFO:components\edge_auth\oneauth\oneauth_config.cc:196] String type data key: MSAL_write_token, value: AT|ID
[14352:20308:0707/035906.078:INFO:components\edge_auth\oneauth\oneauth_config.cc:196] String type data key: MSAL_client_id, value: 82864fa0-ed49-4711-8395-a0e6003dca1f
[14352:20308:0707/035906.079:INFO:components\edge_auth\oneauth\oneauth_config.cc:196] String type data key: MSAL_msal_version, value: 9.3.3
[14352:20308:0707/035906.079:INFO:components\edge_auth\oneauth\oneauth_config.cc:196] String type data key: MSAL_auth_flow, value: Broker
[14352:20308:0707/035906.079:INFO:components\edge_auth\oneauth\oneauth_config.cc:196] String type data key: MSAL_start_time, value: 2026-07-06T22:29:03.000Z
[14352:20308:0707/035906.079:INFO:components\edge_auth\oneauth\oneauth_config.cc:196] String type data key: MSAL_original_authority, value: https://login.microsoftonline.com/consumers
[14352:20308:0707/035906.080:INFO:components\edge_auth\oneauth\oneauth_config.cc:196] String type data key: MSAL_tenant_id, value: 9188040d-6c67-4c5b-b112-36a304b66dad
[14352:20308:0707/035906.080:INFO:components\edge_auth\oneauth\oneauth_config.cc:196] String type data key: MSAL_broker_app_used, value: true
[14352:20308:0707/035906.080:INFO:components\edge_auth\oneauth\oneauth_config.cc:196] String type data key: WAM_correlation_id, value: 94fe55d4-00ac-4206-8e7c-6dae3644b68d
[14352:20308:0707/035906.081:INFO:components\edge_auth\oneauth\oneauth_config.cc:196] String type data key: MSAL_is_successful, value: true
[14352:20308:0707/035906.081:INFO:components\edge_auth\oneauth\oneauth_config.cc:196] String type data key: MSAL_request_eligible_for_broker, value: true
[14352:20308:0707/035906.081:INFO:components\edge_auth\oneauth\oneauth_config.cc:196] String type data key: WAM_ui_visible, value: false
[14352:20308:0707/035906.081:INFO:components\edge_auth\oneauth\oneauth_config.cc:196] String type data key: MSAL_request_duration, value: 1416
[14352:20308:0707/035906.083:INFO:components\edge_auth\oneauth\oneauth_config.cc:196] String type data key: WAM_wam_account_on_end, value: Connected
[14352:20308:0707/035906.083:INFO:components\edge_auth\oneauth\oneauth_config.cc:196] String type data key: WAM_ui_allowed, value: false
[14352:20308:0707/035906.084:INFO:components\edge_auth\oneauth\oneauth_config.cc:196] String type data key: actiontype, value: msal
[14352:20308:0707/035906.084:INFO:components\edge_auth\oneauth\oneauth_config.cc:196] String type data key: WAM_silent_code, value: 0
[14352:20308:0707/035906.084:INFO:components\edge_auth\oneauth\oneauth_config.cc:196] String type data key: WAM_silent_bi_sub_code, value: 0
[14352:20308:0707/035906.085:INFO:components\edge_auth\oneauth\oneauth_config.cc:196] String type data key: oneauth_ExecutionFlow, value: {"de":0,"ef":[{"t":"9zkae","tid":2,"ts":0,"l":2},{"t":"4p5fw","tid":2,"ts":1,"l":2},{"t":"4p5fv","tid":2,"ts":1,"l":2},{"t":"4p5fv","tid":2,"ts":1,"l":2},{"t":"646u1","tid":2,"ts":1,"l":2},{"t":"5k14z","tid":2,"ts":1,"l":2},{"t":"4s7uc","tid":2,"ts":1,"l":2},{"t":"4sufd","tid":2,"ts":1,"s":2,"l":2},{"t":"4swgg","tid":2,"ts":2,"s":1,"l":2},{"t":"4swgf","tid":2,"ts":2,"s":1,"l":2},{"t":"4swgi","tid":5,"ts":2,"s":1,"l":2},{"t":"8b2yn","tid":5,"ts":2,"l":2},{"t":"8dqkx","tid":5,"ts":2,"l":2},{"t":"8dqil","tid":5,"ts":2,"l":2},{"t":"8b2hr","tid":5,"ts":2,"l":2},{"t":"8b2hs","tid":5,"ts":3,"l":2},{"t":"5b8fg","tid":5,"ts":3,"l":2},{"t":"694nj","tid":5,"ts":7,"l":2,"a":10,"ie":0},{"t":"4dwil","tid":5,"ts":7,"l":2},{"t":"4wqnh","tid":5,"ts":7,"l":2},{"t":"4vw1c","tid":5,"ts":118,"l":2},{"t":"4vw1b","tid":5,"ts":118,"l":2},{"t":"4ittz","tid":5,"ts":118,"l":2},{"t":"4wqni","tid":5,"ts":118,"l":2},{"t":"4wqnf","tid":5,"ts":561,"l":2},{"t":"4vw1a","tid":5,"ts":800,"l":2},{"t":"4wqm5","tid":5,"ts":801,"l":2},{"t":"4wqm7","tid":5,"ts":801,"l":2},{"t":"8dql1","tid":5,"ts":1221,"l":2},{"t":"4qopd","tid":5,"ts":1221,"l":2},{"t":"6myt3","tid":5,"ts":1221,"l":2},{"t":"6m026","tid":5,"ts":1222,"l":2},{"t":"6m028","tid":5,"ts":1222,"l":2},{"t":"694nk","tid":5,"ts":1222,"l":2,"a":10,"ie":1},{"t":"8dqk1","tid":5,"ts":1222,"l":2},{"t":"8dqlh","tid":5,"ts":1224,"l":2},{"t":"8dqli","tid":5,"ts":1224,"l":2},{"t":"8dqln","tid":5,"ts":1224,"l":2},{"t":"4qnnm","tid":5,"ts":1228,"l":2,"a":3,"ie":0},{"t":"4myjh","tid":5,"ts":1232,"l":2},{"t":"4myjg","tid":5,"ts":1235,"l":2},{"t":"4myjf","tid":5,"ts":1237,"l":2},{"t":"4myjh","tid":5,"ts":1238,"l":2},{"t":"4myjg","tid":5,"ts":1241,"l":2},{"t":"4myjf","tid":5,"ts":1242,"l":2},{"t":"4qnnl","tid":5,"ts":1242,"l":2,"a":3,"ie":1},{"t":"4qnng","tid":5,"ts":1242,"l":2,"a":2,"ie":0},{"t":"4qnnf","tid":5,"ts":1246,"l":2,"a":2,"ie":1},{"t":"8dqit","tid":5,"ts":1246,"l":2},{"t":"4zbmu","tid":5,"ts":1246,"l":2},{"t":"4qnng","tid":5,"ts":1246,"l":2,"a":2,"ie":0},{"t":"4qnnf","tid":5,"ts":1407,"l":2,"a":2,"ie":1},{"t":"4qnne","tid":5,"ts":1408,"l":2,"a":3,"ie":0},{"t":"4myjh","tid":5,"ts":1414,"l":2},{"t":"4myjg","tid":5,"ts":1416,"l":2},{"t":"4myjf","tid":5,"ts":1418,"l":2},{"t":"4qnnd","tid":5,"ts":1418,"l":2,"a":3,"ie":1},{"t":"6xuag","tid":5,"ts":1418,"l":2},{"t":"4c10b","tid":5,"ts":1418,"l":2},{"t":"4c10a","tid":5,"ts":1418,"l":2},{"t":"6qhvn","tid":5,"ts":1418,"l":2},{"t":"5nhsm","tid":5,"ts":1418,"l":2},{"t":"53u9y","tid":5,"ts":1418,"l":0,"a":2,"ie":0},{"t":"53u93","tid":5,"ts":1418,"l":0,"a":2,"ie":1},{"t":"53u99","tid":5,"ts":1422,"l":0,"a":3,"ie":0},{"t":"53vad","tid":5,"ts":1423,"l":0,"a":3,"ie":1},{"t":"6b224","tid":5,"ts":1424,"l":2},{"t":"8drb8","tid":5,"ts":1424,"e":2,"l":4},{"t":"4p5fv","tid":5,"ts":1424,"l":2},{"t":"5k14z","tid":5,"ts":1424,"l":2},{"t":"4s7uc","tid":5,"ts":1424,"l":2},{"t":"4sufd","tid":5,"ts":1424,"s":4,"l":2},{"t":"4swgg","tid":5,"ts":1424,"s":6,"l":2},{"t":"4swgf","tid":5,"ts":1424,"s":1,"l":2},{"t":"4swgi","tid":8,"ts":1425,"s":6,"l":2},{"t":"8b2yn","tid":8,"ts":1425,"l":2},{"t":"8dqkx","tid":8,"ts":1425,"l":2},{"t":"4q2di","tid":8,"ts":1425,"l":2},{"t":"4qnng","tid":8,"ts":1425,"l":2,"a":2,"ie":0},{"t":"4qnnf","tid":8,"ts":1429,"l":2,"a":2,"ie":1},{"t":"8dqit","tid":8,"ts":1429,"l":2},{"t":"8b2ht","tid":8,"ts":1430,"l":2},{"t":"4qnno","tid":8,"ts":1430,"l":2,"a":2,"ie":0},{"t":"4qnnn","tid":8,"ts":1441,"l":2,"a":2,"ie":1},{"t":"6xuag","tid":8,"ts":1441,"l":2},{"t":"4c10b","tid":8,"ts":1441,"l":2},{"t":"4c10a","tid":8,"ts":1441,"l":2},{"t":"6qhvn","tid":8,"ts":1441,"l":2},{"t":"5nhsm","tid":8,"ts":1441,"l":2},{"t":"53u9y","tid":8,"ts":1441,"l":0,"a":2,"ie":0},{"t":"53u93","tid":8,"ts":1442,"l":0,"a":2,"ie":1},{"t":"53u99","tid":8,"ts":1445,"l":0,"a":3,"ie":0},{"t":"53vad","tid":8,"ts":1448,"l":0,"a":3,"ie":1},{"t":"6b224","tid":8,"ts":1448,"l":2},{"t":"5fscs","tid":8,"ts":1448,"l":2},{"t":"9a8ho","tid":8,"ts":1448,"l":2,"a":1,"ie":0},{"t":"6qhvm","tid":8,"ts":1450,"l":2},{"t":"9a8ho","tid":8,"ts":1450,"l":2,"a":1,"ie":0},{"t":"9a8hl","tid":9,"ts":2031,"l":2,"a":1,"ie":1},{"t":"9a8hm","tid":9,"ts":2031,"s":401,"l":3},{"t":"53u99","tid":9,"ts":2032,"l":0,"a":3,"ie":0},{"t":"53vad","tid":9,"ts":2033,"l":0,"a":3,"ie":1},{"t":"90n17","tid":9,"ts":2033,"e":2,"l":4},{"t":"49ayy","tid":9,"ts":2033,"l":2},{"t":"835v1","tid":9,"ts":2034,"e":2002,"l":4},{"t":"5fsch","tid":9,"ts":2034,"l":3},{"t":"9a8hl","tid":9,"ts":2696,"l":2,"a":1,"ie":1},{"t":"9a8hm","tid":9,"ts":2696,"s":401,"l":3},{"t":"4pgy2","tid":9,"ts":2696,"l":2},{"t":"90n17","tid":9,"ts":2696,"e":2,"l":4},{"t":"49ayy","tid":9,"ts":2696,"l":2},{"t":"835v4","tid":9,"ts":2696,"e":2002,"l":4},{"t":"53u99","tid":9,"ts":2698,"l":0,"a":3,"ie":0},{"t":"53vad","tid":9,"ts":2699,"l":0,"a":3,"ie":1},{"t":"9zkad","tid":9,"ts":2699,"l":2}],"t":[{"a":1,"t":1248,"c":2},{"a":2,"t":181,"c":6},{"a":3,"t":30,"c":6},{"a":0,"t":27},{"a":10,"t":1215,"c":1}]}
[14352:20308:0707/035906.086:INFO:components\edge_auth\oneauth\oneauth_config.cc:196] String type data key: WAM_server_error_code, value: 0
[14352:20308:0707/035906.086:INFO:components\edge_auth\oneauth\oneauth_config.cc:196] String type data key: WAM_prompt_behavior, value: none
[14352:20308:0707/035906.086:INFO:components\edge_auth\oneauth\oneauth_config.cc:196] String type data key: WAM_client_id, value: 82864fa0-ed49-4711-8395-a0e6003dca1f
[14352:20308:0707/035906.087:INFO:components\edge_auth\oneauth\oneauth_config.cc:196] String type data key: WAM_is_cached, value: 1
[14352:20308:0707/035906.088:INFO:components\edge_auth\oneauth\oneauth_config.cc:196] String type data key: error, value: 
[14352:20308:0707/035906.088:INFO:components\edge_auth\oneauth\oneauth_config.cc:196] String type data key: WAM_api_error_code, value: 0
[14352:20308:0707/035906.089:INFO:components\edge_auth\oneauth\oneauth_config.cc:196] String type data key: WAM_client_binary_version, value: 55
[14352:20308:0707/035906.089:INFO:components\edge_auth\oneauth\oneauth_config.cc:196] String type data key: oneauth_api, value: signinsilently
[14352:20308:0707/035906.089:INFO:components\edge_auth\oneauth\oneauth_config.cc:196] String type data key: MSAL_additional_query_parameters_count, value: 1
[14352:20308:0707/035906.089:INFO:components\edge_auth\oneauth\oneauth_config.cc:196] String type data key: deviceprofiletelemetryid, value: 07c9a684403dc2a911dba317608d1d4f2f8c3d3452c588db9a8dac85533a3d24
[14352:20308:0707/035906.090:INFO:components\edge_auth\oneauth\oneauth_config.cc:196] String type data key: MSAL_correlation_id, value: 74bb3a56-ed72-4dec-9175-b8aa1a17aede
[14352:20308:0707/035906.091:INFO:components\edge_auth\oneauth\oneauth_config.cc:196] String type data key: WAM_silent_status, value: 0
[14352:20308:0707/035906.092:INFO:components\edge_auth\oneauth\oneauth_config.cc:196] String type data key: WAM_authority, value: consumers
[14352:20308:0707/035906.092:INFO:components\edge_auth\oneauth\oneauth_config.cc:196] String type data key: MSAL_wam_cached_time_diff, value: 487
[14352:20308:0707/035906.092:INFO:components\edge_auth\oneauth\oneauth_config.cc:196] String type data key: MSAL_normalized_realm, value: 9188040d-6c67-4c5b-b112-36a304b66dad
[14352:20308:0707/035906.093:INFO:components\edge_auth\oneauth\oneauth_config.cc:196] String type data key: SamplingRate, value: 0.25
[14352:20308:0707/035906.093:INFO:components\edge_auth\oneauth\oneauth_config.cc:196] String type data key: MSAL_authority_type, value: MSA
[14352:20308:0707/035906.093:INFO:components\edge_auth\oneauth\oneauth_config.cc:196] String type data key: WAM_broker_version, value: 10.0.26100.8655
[14352:20308:0707/035906.094:INFO:components\edge_auth\oneauth\oneauth_config.cc:196] String type data key: MSAL_storage_read, value: DAC|DAC
[14352:20308:0707/035906.094:INFO:components\edge_auth\oneauth\oneauth_config.cc:196] String type data key: MSAL_authorization_type, value: WindowsIntegratedAuth
[14352:20308:0707/035906.094:INFO:components\edge_auth\oneauth\oneauth_config.cc:196] String type data key: authoutcome, value: succeeded
[14352:20308:0707/035906.095:INFO:components\edge_auth\oneauth\oneauth_config.cc:196] String type data key: WAM_provider_id, value: https://login.microsoft.com
[14352:20308:0707/035906.095:INFO:components\edge_auth\oneauth\oneauth_config.cc:196] String type data key: WAM_wam_account_on_start, value: not_supplied
[14352:20308:0707/035906.095:INFO:components\edge_auth\oneauth\oneauth_config.cc:196] String type data key: promptreasoncorrelationid, value: 
[14352:20308:0707/035906.097:INFO:components\edge_auth\oneauth\oneauth_config.cc:196] String type data key: MSAL_was_request_throttled, value: false
[14352:20308:0707/035906.097:INFO:components\edge_auth\oneauth\oneauth_config.cc:196] String type data key: errordescription, value: 
[14352:20308:0707/035906.097:INFO:components\edge_auth\oneauth\oneauth_config.cc:196] String type data key: WAM_wam_blob_version, value: 2
[14352:20308:0707/035906.097:INFO:components\edge_auth\oneauth\oneauth_config.cc:196] String type data key: uploadid, value: b143d4fc-d331-46fc-8d97-a2b158685096
[14352:20308:0707/035906.098:INFO:components\edge_auth\oneauth\oneauth_config.cc:196] String type data key: MSAL_storage_write, value: DAT|DID|DAC
[14352:20308:0707/035906.098:INFO:components\edge_auth\oneauth\oneauth_config.cc:196] String type data key: oneauth_transactionuploadid, value: 656a0f5c-552b-4ac9-a108-4b40881b0bd8
[14352:20308:0707/035906.099:INFO:components\edge_auth\oneauth\oneauth_config.cc:196] String type data key: MSAL_access_token_expiry_time, value: 2026-07-07T16:29:04.000Z
[14352:20308:0707/035906.099:INFO:components\edge_auth\oneauth\oneauth_config.cc:196] String type data key: correlationid, value: 74bb3a56-ed72-4dec-9175-b8aa1a17aede
[14352:20308:0707/035906.099:INFO:components\edge_auth\oneauth\oneauth_config.cc:196] String type data key: errorsource, value: none
[14352:20308:0707/035906.099:INFO:components\edge_auth\oneauth\oneauth_config.cc:196] String type data key: MSAL_stop_time, value: 2026-07-06T22:29:04.000Z
[14352:20308:0707/035906.100:INFO:components\edge_auth\oneauth\oneauth_config.cc:205] Integer type data key: platform, value: 0
[14352:20308:0707/035906.100:INFO:components\edge_auth\oneauth\oneauth_config.cc:205] Integer type data key: count, value: 1
[14352:20308:0707/035906.101:INFO:components\edge_auth\oneauth\oneauth_config.cc:214] Integer64 type data key: duration_min, value: 1423
[14352:20308:0707/035906.101:INFO:components\edge_auth\oneauth\oneauth_config.cc:214] Integer64 type data key: duration_max, value: 1423
[14352:20308:0707/035906.101:INFO:components\edge_auth\oneauth\oneauth_config.cc:214] Integer64 type data key: endtime, value: 1783376944755
[14352:20308:0707/035906.101:INFO:components\edge_auth\oneauth\oneauth_config.cc:214] Integer64 type data key: duration_sum, value: 1423
[14352:20308:0707/035906.101:INFO:components\edge_auth\oneauth\oneauth_config.cc:214] Integer64 type data key: starttime, value: 1783376943332
[14352:20308:0707/035906.102:INFO:components\edge_auth\oneauth\oneauth_config.cc:223] Bool type data key: FullDataClient, value: 1
[14352:20308:0707/035906.102:INFO:components\edge_auth\oneauth\oneauth_config.cc:223] Bool type data key: from_cache, value: 1
[14352:24348:0707/035906.111:WARNING:components\signin\internal\identity_manager\account_fetcher_service.cc:231] Edge does not support fetching account capabilities
[14352:24348:0707/035906.112:WARNING:components\signin\internal\identity_manager\account_fetcher_service.cc:192] Should not execute: Tests depending on this function may fail
[14352:24348:0707/035908.361:INFO:CONSOLE:3815] "[ProtocolLaunch] handler constructed; wiring port events.", source: chrome-extension://ndcpkimcihhghdcddljkfmmjccdmcmof/background.rollup.js (3815)
[14352:24348:0707/035913.024:WARNING:components\sync\base\data_type.cc:1589] Unknown field number 40781
[14352:24348:0707/035920.591:WARNING:chrome\browser\edge_underside\underside_helper.cc:1177] If test does not need FrontLoad, this may be expected. SetFrontLoadDecision: 3
